<?xml version="1.0" encoding="UTF-8"?>
<!-- Generated by org.testng.reporters.JUnitXMLReporter -->
<testsuite ignored="1" hostname="DESKTOP-G0IG718" failures="0" tests="3" name="InvalidTest" time="21.765" errors="0" timestamp="2024-02-14T04:10:15 IST">
  <testcase classname="test.ValidUrl" name="OtherDomainValidUrl" time="8.373"/>
  <testcase classname="test.ValidUrl" name="testInvalidUrl" time="6.347"/>
  <testcase classname="test.ValidUrl" name="testInvalidUrl" time="4.865"/>
  <testcase classname="test.ValidUrl" name="validUrlTest" time="0.0">
    <ignored/>
  </testcase> <!-- validUrlTest -->
</testsuite> <!-- InvalidTest -->
