<?xml version="1.0" encoding="UTF-8"?>
<!-- Generated by org.testng.reporters.JUnitXMLReporter -->
<testsuite ignored="1" hostname="DESKTOP-G0IG718" failures="0" tests="3" name="InvalidTest" time="17.269" errors="0" timestamp="2024-02-26T01:56:34 IST">
  <testcase classname="test.ValidUrl" name="OtherDomainValidUrl" time="7.29"/>
  <testcase classname="test.ValidUrl" name="testInvalidUrl" time="4.138"/>
  <testcase classname="test.ValidUrl" name="testInvalidUrl" time="3.993"/>
  <testcase classname="test.ValidUrl" name="validUrlTest" time="0.0">
    <ignored/>
  </testcase> <!-- validUrlTest -->
</testsuite> <!-- InvalidTest -->
