<?xml version="1.0" encoding="UTF-8"?>
<!-- Generated by org.testng.reporters.JUnitXMLReporter -->
<testsuite ignored="0" hostname="DESKTOP-G0IG718" failures="0" tests="5" name="Test2" time="39.123" errors="0" timestamp="2024-02-04T20:35:56 IST">
  <testcase classname="scratchTest.ValidUrl" name="OtherDomainValidUrl" time="3.83"/>
  <testcase classname="scratchTest.ValidUrl" name="OtherDomainValidUrl" time="3.945"/>
  <testcase classname="scratchTest.ValidUrl" name="OtherDomainValidUrl" time="4.898"/>
  <testcase classname="scratchTest.ValidUrl" name="OtherDomainValidUrl" time="5.068"/>
  <testcase classname="scratchTest.ValidUrl" name="validUrl" time="19.993"/>
</testsuite> <!-- Test2 -->
