<?xml version="1.0" encoding="UTF-8"?>
<!-- Generated by org.testng.reporters.JUnitXMLReporter -->
<testsuite ignored="1" hostname="DESKTOP-G0IG718" failures="0" tests="6" name="Test1" time="95.733" errors="0" timestamp="2024-02-12T04:19:30 IST">
  <testcase classname="test.MenuValidation" name="InvalidmenuItemsTest" time="7.887"/>
  <testcase classname="test.MenuValidation" name="menuButtonTest" time="0.967"/>
  <testcase classname="test.MenuValidation" name="menuItemsTest" time="6.432"/>
  <testcase classname="test.MenuValidation" name="menuLinkValidationTest" time="10.669"/>
  <testcase classname="test.MenuValidation" name="menuLinkValidationTest" time="3.34"/>
  <testcase classname="test.MenuValidation" name="menuLinkValidationTest" time="5.175"/>
  <testcase classname="test.MenuValidation" name="TopMenuFunctionality" time="0.0">
    <ignored/>
  </testcase> <!-- TopMenuFunctionality -->
</testsuite> <!-- Test1 -->
