<?xml version="1.0" encoding="UTF-8"?>
<!-- Generated by org.testng.reporters.JUnitXMLReporter -->
<testsuite ignored="0" hostname="DESKTOP-G0IG718" failures="1" tests="4" name="Test" time="67.983" errors="0" timestamp="2024-02-14T03:30:10 IST">
  <testcase classname="test.LoginTest" name="login" time="5.177"/>
  <testcase classname="test.LoginTest" name="loginPageValidation" time="3.621">
    <failure type="java.lang.AssertionError" message="expected [true] but found [false]">
      <![CDATA[java.lang.AssertionError: expected [true] but found [false]
at test.LoginTest.loginPageValidation(LoginTest.java:41)
at java.base/java.util.ArrayList.forEach(ArrayList.java:1511)
... Removed 31 stack frames]]>
    </failure>
  </testcase> <!-- loginPageValidation -->
  <testcase classname="test.LoginTest" name="loginWithInvalidPassword" time="9.929"/>
  <testcase classname="test.LoginTest" name="loginWithoutEmailandPassword" time="4.166"/>
</testsuite> <!-- Test -->
