<?xml version="1.0" encoding="UTF-8"?>
<!-- Generated by org.testng.reporters.JUnitXMLReporter -->
<testsuite ignored="4" hostname="DESKTOP-G0IG718" failures="0" tests="1" name="Test2" time="68.722" errors="0" timestamp="2024-02-26T02:09:45 IST">
  <testcase classname="test.MenuValidation" name="TopMenuFunctionality" time="52.345"/>
  <testcase classname="test.MenuValidation" name="InvalidmenuItemsTest" time="0.0">
    <ignored/>
  </testcase> <!-- InvalidmenuItemsTest -->
  <testcase classname="test.MenuValidation" name="menuLinkValidationTest" time="0.0">
    <ignored/>
  </testcase> <!-- menuLinkValidationTest -->
  <testcase classname="test.MenuValidation" name="menuItemsTest" time="0.0">
    <ignored/>
  </testcase> <!-- menuItemsTest -->
  <testcase classname="test.MenuValidation" name="menuButtonTest" time="0.0">
    <ignored/>
  </testcase> <!-- menuButtonTest -->
</testsuite> <!-- Test2 -->
