<?xml version="1.0" encoding="UTF-8"?>
<!-- Generated by org.testng.reporters.JUnitXMLReporter -->
<testsuite ignored="0" hostname="DESKTOP-G0IG718" failures="1" tests="2" name="Test" time="0.075" errors="0" timestamp="2024-01-27T15:08:53 IST">
  <testcase classname="scratchTest.InvalidUrlTest" name="testInvalidProtocol" time="0.011">
    <failure type="java.lang.NullPointerException" message="Cannot invoke &amp;quot;org.openqa.selenium.WebDriver.manage()&amp;quot; because &amp;quot;this.driver&amp;quot; is null">
      <![CDATA[java.lang.NullPointerException: Cannot invoke "org.openqa.selenium.WebDriver.manage()" because "this.driver" is null
at utility.UtilityClass.launch(UtilityClass.java:47)
at scratchTest.InvalidUrlTest.testInvalidProtocol(InvalidUrlTest.java:23)
at java.base/java.util.ArrayList.forEach(ArrayList.java:1511)
... Removed 27 stack frames]]>
    </failure>
  </testcase> <!-- testInvalidProtocol -->
  <testcase classname="scratchTest.InvalidUrlTest" name="testValidProtocol" time="0.001"/>
</testsuite> <!-- Test -->
