<?xml version="1.0" encoding="UTF-8"?>
<!-- Generated by org.testng.reporters.JUnitXMLReporter -->
<testsuite ignored="1" hostname="DESKTOP-G0IG718" failures="0" tests="6" name="Test1" time="119.881" errors="0" timestamp="2024-02-26T02:10:36 IST">
  <testcase classname="test.MenuValidation" name="InvalidmenuItemsTest" time="10.383"/>
  <testcase classname="test.MenuValidation" name="menuButtonTest" time="1.759"/>
  <testcase classname="test.MenuValidation" name="menuItemsTest" time="7.847"/>
  <testcase classname="test.MenuValidation" name="menuLinkValidationTest" time="8.58"/>
  <testcase classname="test.MenuValidation" name="menuLinkValidationTest" time="5.913"/>
  <testcase classname="test.MenuValidation" name="menuLinkValidationTest" time="5.341"/>
  <testcase classname="test.MenuValidation" name="TopMenuFunctionality" time="0.0">
    <ignored/>
  </testcase> <!-- TopMenuFunctionality -->
</testsuite> <!-- Test1 -->
