<?xml version="1.0" encoding="UTF-8"?>
<!-- Generated by org.testng.reporters.JUnitXMLReporter -->
<testsuite ignored="2" hostname="DESKTOP-G0IG718" failures="0" tests="1" name="validTest" time="27.207" errors="0" timestamp="2024-02-26T01:56:44 IST">
  <testcase classname="test.ValidUrl" name="validUrlTest" time="26.944"/>
  <testcase classname="test.ValidUrl" name="testInvalidUrl" time="0.0">
    <ignored/>
  </testcase> <!-- testInvalidUrl -->
  <testcase classname="test.ValidUrl" name="OtherDomainValidUrl" time="0.0">
    <ignored/>
  </testcase> <!-- OtherDomainValidUrl -->
</testsuite> <!-- validTest -->
