<?xml version="1.0" encoding="UTF-8"?>
<testng-results ignored="0" total="3" passed="3" failed="0" skipped="0">
  <reporter-output>
  </reporter-output>
  <suite started-at="2024-02-09T23:23:49 IST" name="Suite" finished-at="2024-02-09T23:25:22 IST" duration-ms="93279">
    <groups>
    </groups>
    <test started-at="2024-02-09T23:23:49 IST" name="Test" finished-at="2024-02-09T23:25:22 IST" duration-ms="93279">
      <class name="scratchTest.E2EsearcAndAddItemToCart">
        <test-method is-config="true" signature="propertiesLoad()[pri:0, instance:scratchTest.E2EsearcAndAddItemToCart@28dcca0c]" started-at="2024-02-09T23:23:49 IST" name="propertiesLoad" finished-at="2024-02-09T23:23:49 IST" duration-ms="14" status="PASS">
          <reporter-output>
          </reporter-output>
        </test-method> <!-- propertiesLoad -->
        <test-method is-config="true" signature="launchBrowser(java.lang.String,java.lang.String)[pri:0, instance:scratchTest.E2EsearcAndAddItemToCart@28dcca0c]" started-at="2024-02-09T23:23:49 IST" name="launchBrowser" finished-at="2024-02-09T23:24:01 IST" duration-ms="12601" status="PASS">
          <params>
            <param index="0">
              <value>
                <![CDATA[chrome]]>
              </value>
            </param>
            <param index="1">
              <value>
                <![CDATA[https://www.bestbuy.com/?intl=nosplash]]>
              </value>
            </param>
          </params>
          <reporter-output>
          </reporter-output>
        </test-method> <!-- launchBrowser -->
        <test-method signature="searchAndAddItemToCartTest()[pri:0, instance:scratchTest.E2EsearcAndAddItemToCart@28dcca0c]" started-at="2024-02-09T23:24:01 IST" name="searchAndAddItemToCartTest" finished-at="2024-02-09T23:24:36 IST" duration-ms="34363" status="PASS">
          <reporter-output>
          </reporter-output>
        </test-method> <!-- searchAndAddItemToCartTest -->
        <test-method is-config="true" signature="tear()[pri:0, instance:scratchTest.E2EsearcAndAddItemToCart@28dcca0c]" started-at="2024-02-09T23:24:36 IST" name="tear" finished-at="2024-02-09T23:24:36 IST" duration-ms="333" status="PASS">
          <reporter-output>
          </reporter-output>
        </test-method> <!-- tear -->
        <test-method is-config="true" signature="launchBrowser(java.lang.String,java.lang.String)[pri:0, instance:scratchTest.E2EsearcAndAddItemToCart@28dcca0c]" started-at="2024-02-09T23:24:36 IST" name="launchBrowser" finished-at="2024-02-09T23:24:48 IST" duration-ms="11958" status="PASS">
          <params>
            <param index="0">
              <value>
                <![CDATA[chrome]]>
              </value>
            </param>
            <param index="1">
              <value>
                <![CDATA[https://www.bestbuy.com/?intl=nosplash]]>
              </value>
            </param>
          </params>
          <reporter-output>
          </reporter-output>
        </test-method> <!-- launchBrowser -->
        <test-method signature="searchItemTest()[pri:0, instance:scratchTest.E2EsearcAndAddItemToCart@28dcca0c]" started-at="2024-02-09T23:24:48 IST" name="searchItemTest" finished-at="2024-02-09T23:25:02 IST" duration-ms="13955" status="PASS">
          <reporter-output>
          </reporter-output>
        </test-method> <!-- searchItemTest -->
        <test-method is-config="true" signature="tear()[pri:0, instance:scratchTest.E2EsearcAndAddItemToCart@28dcca0c]" started-at="2024-02-09T23:25:02 IST" name="tear" finished-at="2024-02-09T23:25:03 IST" duration-ms="633" status="PASS">
          <reporter-output>
          </reporter-output>
        </test-method> <!-- tear -->
        <test-method is-config="true" signature="launchBrowser(java.lang.String,java.lang.String)[pri:0, instance:scratchTest.E2EsearcAndAddItemToCart@28dcca0c]" started-at="2024-02-09T23:25:03 IST" name="launchBrowser" finished-at="2024-02-09T23:25:15 IST" duration-ms="11809" status="PASS">
          <params>
            <param index="0">
              <value>
                <![CDATA[chrome]]>
              </value>
            </param>
            <param index="1">
              <value>
                <![CDATA[https://www.bestbuy.com/?intl=nosplash]]>
              </value>
            </param>
          </params>
          <reporter-output>
          </reporter-output>
        </test-method> <!-- launchBrowser -->
        <test-method signature="searchNonExistingItem()[pri:0, instance:scratchTest.E2EsearcAndAddItemToCart@28dcca0c]" started-at="2024-02-09T23:25:15 IST" name="searchNonExistingItem" finished-at="2024-02-09T23:25:22 IST" duration-ms="7100" status="PASS">
          <reporter-output>
          </reporter-output>
        </test-method> <!-- searchNonExistingItem -->
        <test-method is-config="true" signature="tear()[pri:0, instance:scratchTest.E2EsearcAndAddItemToCart@28dcca0c]" started-at="2024-02-09T23:25:22 IST" name="tear" finished-at="2024-02-09T23:25:22 IST" duration-ms="444" status="PASS">
          <reporter-output>
          </reporter-output>
        </test-method> <!-- tear -->
      </class> <!-- scratchTest.E2EsearcAndAddItemToCart -->
    </test> <!-- Test -->
  </suite> <!-- Suite -->
</testng-results>
